<?xml version="1.0" encoding="UTF-8"?>
<!-- Generated by org.testng.reporters.JUnitXMLReporter -->
<testsuite ignored="1" hostname="LAPTOP-LSARCF0V" failures="2" tests="10" name="Test" time="305.098" errors="0" timestamp="20 Aug 2019 12:58:55 GMT">
  <testcase classname="Guru.Project.TelecomProjectForTestNG.Tests.addNewCustomerTestPageTests" name="addingNewCustomerTest" time="18.562"/>
  <testcase classname="Guru.Project.TelecomProjectForTestNG.Tests.addNewCustomerTestPageTests" name="testCaseForMobileField" time="16.222">
    <failure type="java.lang.AssertionError" message="expected [false] but found [true]">
      <![CDATA[java.lang.AssertionError: expected [false] but found [true]
at Guru.Project.TelecomProjectForTestNG.Tests.addNewCustomerTestPageTests.testCaseForMobileField(addNewCustomerTestPageTests.java:108)
... Removed 31 stack frames]]>
    </failure>
  </testcase> <!-- testCaseForMobileField -->
  <testcase classname="Guru.Project.TelecomProjectForTestNG.Tests.addNewCustomerTestPageTests" name="testCaseForAddCuustTextFields" time="9.686"/>
  <testcase classname="Guru.Project.TelecomProjectForTestNG.Tests.testCase_AddingNewTariffPageTests" name="addingNewTariff" time="15.896"/>
  <testcase classname="Guru.Project.TelecomProjectForTestNG.Tests.testCase_AddingNewTariffPageTests" name="validating_SpecialChar_TST007" time="14.872"/>
  <testcase classname="Guru.Project.TelecomProjectForTestNG.Tests.testCase_AddingNewTariffPageTests" name="validating_NumbersAndMustNotEmpty_TST009" time="24.742"/>
  <testcase classname="Guru.Project.TelecomProjectForTestNG.Tests.testCase_AddingNewTariffPageTests" name="validating_CharacterNotAllowed_TST008" time="24.692"/>
  <testcase classname="Guru.Project.TelecomProjectForTestNG.Tests.testCase_AddingNewTariffPageTests" name="validating_SMSPerCharges" time="12.97">
    <failure type="java.lang.AssertionError" message="expected [true] but found [false]">
      <![CDATA[java.lang.AssertionError: expected [true] but found [false]
at Guru.Project.TelecomProjectForTestNG.Tests.testCase_AddingNewTariffPageTests.validating_SMSPerCharges(testCase_AddingNewTariffPageTests.java:153)
... Removed 31 stack frames]]>
    </failure>
  </testcase> <!-- validating_SMSPerCharges -->
  <testcase classname="Guru.Project.TelecomProjectForTestNG.Tests.testCase_TST010_AddTariffPlanToCust" name="addTariffToCustomer" time="31.528"/>
  <testcase classname="Guru.Project.TelecomProjectForTestNG.Tests.testCase_TST011_CheckingCustBill" name="CheckingBillOfCustomer" time="27.048"/>
  <testcase classname="Guru.Project.TelecomProjectForTestNG.Tests.addNewCustomerTestPageTests" name="testCaseForAddress" time="0.0">
    <ignored/>
  </testcase> <!-- testCaseForAddress -->
</testsuite> <!-- Test -->
