<?xml version="1.0" encoding="UTF-8"?>
<testng-results ignored="0" total="11" passed="9" failed="2" skipped="0">
  <reporter-output>
  </reporter-output>
  <suite started-at="2019-08-20T14:28:00Z" name="Suite" finished-at="2019-08-20T14:34:01Z" duration-ms="360787">
    <groups>
      <group name="addTariffToCust">
        <method signature="testCase_TST010_AddTariffPlanToCust.addTariffToCustomer()[pri:9, instance:Guru.Project.TelecomProjectForTestNG.Tests.testCase_TST010_AddTariffPlanToCust@b9b00e0]" name="addTariffToCustomer" class="Guru.Project.TelecomProjectForTestNG.Tests.testCase_TST010_AddTariffPlanToCust"/>
      </group> <!-- addTariffToCust -->
      <group name="addCustomer">
        <method signature="addNewCustomerTestPageTests.addingNewCustomerTest()[pri:0, instance:Guru.Project.TelecomProjectForTestNG.Tests.addNewCustomerTestPageTests@48aca48b]" name="addingNewCustomerTest" class="Guru.Project.TelecomProjectForTestNG.Tests.addNewCustomerTestPageTests"/>
        <method signature="addNewCustomerTestPageTests.testCaseForAddCuustTextFields()[pri:3, instance:Guru.Project.TelecomProjectForTestNG.Tests.addNewCustomerTestPageTests@48aca48b]" name="testCaseForAddCuustTextFields" class="Guru.Project.TelecomProjectForTestNG.Tests.addNewCustomerTestPageTests"/>
        <method signature="addNewCustomerTestPageTests.testCaseForAddress()[pri:2, instance:Guru.Project.TelecomProjectForTestNG.Tests.addNewCustomerTestPageTests@48aca48b]" name="testCaseForAddress" class="Guru.Project.TelecomProjectForTestNG.Tests.addNewCustomerTestPageTests"/>
        <method signature="addNewCustomerTestPageTests.testCaseForMobileField()[pri:1, instance:Guru.Project.TelecomProjectForTestNG.Tests.addNewCustomerTestPageTests@48aca48b]" name="testCaseForMobileField" class="Guru.Project.TelecomProjectForTestNG.Tests.addNewCustomerTestPageTests"/>
      </group> <!-- addCustomer -->
      <group name="checkBill">
        <method signature="testCase_TST011_CheckingCustBill.CheckingBillOfCustomer()[pri:10, instance:Guru.Project.TelecomProjectForTestNG.Tests.testCase_TST011_CheckingCustBill@506ae4d4]" name="CheckingBillOfCustomer" class="Guru.Project.TelecomProjectForTestNG.Tests.testCase_TST011_CheckingCustBill"/>
      </group> <!-- checkBill -->
      <group name="addNewTariff">
        <method signature="testCase_AddingNewTariffPageTests.addingNewTariff()[pri:4, instance:Guru.Project.TelecomProjectForTestNG.Tests.testCase_AddingNewTariffPageTests@13fd2ccd]" name="addingNewTariff" class="Guru.Project.TelecomProjectForTestNG.Tests.testCase_AddingNewTariffPageTests"/>
        <method signature="testCase_AddingNewTariffPageTests.validating_CharacterNotAllowed_TST008()[pri:7, instance:Guru.Project.TelecomProjectForTestNG.Tests.testCase_AddingNewTariffPageTests@13fd2ccd]" name="validating_CharacterNotAllowed_TST008" class="Guru.Project.TelecomProjectForTestNG.Tests.testCase_AddingNewTariffPageTests"/>
        <method signature="testCase_AddingNewTariffPageTests.validating_SMSPerCharges()[pri:8, instance:Guru.Project.TelecomProjectForTestNG.Tests.testCase_AddingNewTariffPageTests@13fd2ccd]" name="validating_SMSPerCharges" class="Guru.Project.TelecomProjectForTestNG.Tests.testCase_AddingNewTariffPageTests"/>
        <method signature="testCase_AddingNewTariffPageTests.validating_NumbersAndMustNotEmpty_TST009()[pri:6, instance:Guru.Project.TelecomProjectForTestNG.Tests.testCase_AddingNewTariffPageTests@13fd2ccd]" name="validating_NumbersAndMustNotEmpty_TST009" class="Guru.Project.TelecomProjectForTestNG.Tests.testCase_AddingNewTariffPageTests"/>
        <method signature="testCase_AddingNewTariffPageTests.validating_SpecialChar_TST007()[pri:5, instance:Guru.Project.TelecomProjectForTestNG.Tests.testCase_AddingNewTariffPageTests@13fd2ccd]" name="validating_SpecialChar_TST007" class="Guru.Project.TelecomProjectForTestNG.Tests.testCase_AddingNewTariffPageTests"/>
      </group> <!-- addNewTariff -->
    </groups>
    <test started-at="2019-08-20T14:28:00Z" name="Test" finished-at="2019-08-20T14:34:01Z" duration-ms="360787">
      <class name="Guru.Project.TelecomProjectForTestNG.Tests.testCase_TST011_CheckingCustBill">
        <test-method is-config="true" signature="initilize()[pri:0, instance:Guru.Project.TelecomProjectForTestNG.Tests.testCase_TST011_CheckingCustBill@506ae4d4]" started-at="2019-08-20T14:33:20Z" name="initilize" finished-at="2019-08-20T14:33:27Z" duration-ms="7399" status="PASS">
          <reporter-output>
          </reporter-output>
        </test-method> <!-- initilize -->
        <test-method signature="CheckingBillOfCustomer()[pri:10, instance:Guru.Project.TelecomProjectForTestNG.Tests.testCase_TST011_CheckingCustBill@506ae4d4]" started-at="2019-08-20T14:33:27Z" name="CheckingBillOfCustomer" finished-at="2019-08-20T14:34:00Z" duration-ms="32693" status="PASS">
          <reporter-output>
          </reporter-output>
        </test-method> <!-- CheckingBillOfCustomer -->
        <test-method is-config="true" signature="TearDown()[pri:0, instance:Guru.Project.TelecomProjectForTestNG.Tests.testCase_TST011_CheckingCustBill@506ae4d4]" started-at="2019-08-20T14:34:00Z" name="TearDown" finished-at="2019-08-20T14:34:01Z" duration-ms="878" status="PASS">
          <reporter-output>
          </reporter-output>
        </test-method> <!-- TearDown -->
      </class> <!-- Guru.Project.TelecomProjectForTestNG.Tests.testCase_TST011_CheckingCustBill -->
      <class name="Guru.Project.TelecomProjectForTestNG.Tests.testCase_AddingNewTariffPageTests">
        <test-method is-config="true" signature="initilize()[pri:0, instance:Guru.Project.TelecomProjectForTestNG.Tests.testCase_AddingNewTariffPageTests@13fd2ccd]" started-at="2019-08-20T14:30:18Z" name="initilize" finished-at="2019-08-20T14:30:26Z" duration-ms="8048" status="PASS">
          <reporter-output>
          </reporter-output>
        </test-method> <!-- initilize -->
        <test-method signature="addingNewTariff()[pri:4, instance:Guru.Project.TelecomProjectForTestNG.Tests.testCase_AddingNewTariffPageTests@13fd2ccd]" started-at="2019-08-20T14:30:26Z" name="addingNewTariff" finished-at="2019-08-20T14:30:45Z" duration-ms="18856" status="PASS">
          <reporter-output>
          </reporter-output>
        </test-method> <!-- addingNewTariff -->
        <test-method is-config="true" signature="TearDown()[pri:0, instance:Guru.Project.TelecomProjectForTestNG.Tests.testCase_AddingNewTariffPageTests@13fd2ccd]" started-at="2019-08-20T14:30:45Z" name="TearDown" finished-at="2019-08-20T14:30:46Z" duration-ms="822" status="PASS">
          <reporter-output>
          </reporter-output>
        </test-method> <!-- TearDown -->
        <test-method is-config="true" signature="initilize()[pri:0, instance:Guru.Project.TelecomProjectForTestNG.Tests.testCase_AddingNewTariffPageTests@13fd2ccd]" started-at="2019-08-20T14:30:46Z" name="initilize" finished-at="2019-08-20T14:30:53Z" duration-ms="7804" status="PASS">
          <reporter-output>
          </reporter-output>
        </test-method> <!-- initilize -->
        <test-method signature="validating_SpecialChar_TST007()[pri:5, instance:Guru.Project.TelecomProjectForTestNG.Tests.testCase_AddingNewTariffPageTests@13fd2ccd]" started-at="2019-08-20T14:30:53Z" name="validating_SpecialChar_TST007" finished-at="2019-08-20T14:31:08Z" duration-ms="14622" status="PASS">
          <reporter-output>
          </reporter-output>
        </test-method> <!-- validating_SpecialChar_TST007 -->
        <test-method is-config="true" signature="TearDown()[pri:0, instance:Guru.Project.TelecomProjectForTestNG.Tests.testCase_AddingNewTariffPageTests@13fd2ccd]" started-at="2019-08-20T14:31:08Z" name="TearDown" finished-at="2019-08-20T14:31:09Z" duration-ms="849" status="PASS">
          <reporter-output>
          </reporter-output>
        </test-method> <!-- TearDown -->
        <test-method is-config="true" signature="initilize()[pri:0, instance:Guru.Project.TelecomProjectForTestNG.Tests.testCase_AddingNewTariffPageTests@13fd2ccd]" started-at="2019-08-20T14:31:09Z" name="initilize" finished-at="2019-08-20T14:31:16Z" duration-ms="7431" status="PASS">
          <reporter-output>
          </reporter-output>
        </test-method> <!-- initilize -->
        <test-method signature="validating_NumbersAndMustNotEmpty_TST009()[pri:6, instance:Guru.Project.TelecomProjectForTestNG.Tests.testCase_AddingNewTariffPageTests@13fd2ccd]" started-at="2019-08-20T14:31:16Z" name="validating_NumbersAndMustNotEmpty_TST009" finished-at="2019-08-20T14:31:41Z" duration-ms="24461" status="PASS">
          <reporter-output>
          </reporter-output>
        </test-method> <!-- validating_NumbersAndMustNotEmpty_TST009 -->
        <test-method is-config="true" signature="TearDown()[pri:0, instance:Guru.Project.TelecomProjectForTestNG.Tests.testCase_AddingNewTariffPageTests@13fd2ccd]" started-at="2019-08-20T14:31:41Z" name="TearDown" finished-at="2019-08-20T14:31:42Z" duration-ms="901" status="PASS">
          <reporter-output>
          </reporter-output>
        </test-method> <!-- TearDown -->
        <test-method is-config="true" signature="initilize()[pri:0, instance:Guru.Project.TelecomProjectForTestNG.Tests.testCase_AddingNewTariffPageTests@13fd2ccd]" started-at="2019-08-20T14:31:42Z" name="initilize" finished-at="2019-08-20T14:31:49Z" duration-ms="7724" status="PASS">
          <reporter-output>
          </reporter-output>
        </test-method> <!-- initilize -->
        <test-method signature="validating_CharacterNotAllowed_TST008()[pri:7, instance:Guru.Project.TelecomProjectForTestNG.Tests.testCase_AddingNewTariffPageTests@13fd2ccd]" started-at="2019-08-20T14:31:49Z" name="validating_CharacterNotAllowed_TST008" finished-at="2019-08-20T14:32:14Z" duration-ms="24432" status="PASS">
          <reporter-output>
          </reporter-output>
        </test-method> <!-- validating_CharacterNotAllowed_TST008 -->
        <test-method is-config="true" signature="TearDown()[pri:0, instance:Guru.Project.TelecomProjectForTestNG.Tests.testCase_AddingNewTariffPageTests@13fd2ccd]" started-at="2019-08-20T14:32:14Z" name="TearDown" finished-at="2019-08-20T14:32:15Z" duration-ms="873" status="PASS">
          <reporter-output>
          </reporter-output>
        </test-method> <!-- TearDown -->
        <test-method is-config="true" signature="initilize()[pri:0, instance:Guru.Project.TelecomProjectForTestNG.Tests.testCase_AddingNewTariffPageTests@13fd2ccd]" started-at="2019-08-20T14:32:15Z" name="initilize" finished-at="2019-08-20T14:32:23Z" duration-ms="8018" status="PASS">
          <reporter-output>
          </reporter-output>
        </test-method> <!-- initilize -->
        <test-method signature="validating_SMSPerCharges()[pri:8, instance:Guru.Project.TelecomProjectForTestNG.Tests.testCase_AddingNewTariffPageTests@13fd2ccd]" started-at="2019-08-20T14:32:23Z" name="validating_SMSPerCharges" finished-at="2019-08-20T14:32:33Z" depends-on-methods="Guru.Project.TelecomProjectForTestNG.Tests.testCase_AddingNewTariffPageTests.validating_CharacterNotAllowed_TST008" duration-ms="10642" status="PASS">
          <reporter-output>
          </reporter-output>
        </test-method> <!-- validating_SMSPerCharges -->
        <test-method is-config="true" signature="TearDown()[pri:0, instance:Guru.Project.TelecomProjectForTestNG.Tests.testCase_AddingNewTariffPageTests@13fd2ccd]" started-at="2019-08-20T14:32:33Z" name="TearDown" finished-at="2019-08-20T14:32:34Z" duration-ms="812" status="PASS">
          <reporter-output>
          </reporter-output>
        </test-method> <!-- TearDown -->
      </class> <!-- Guru.Project.TelecomProjectForTestNG.Tests.testCase_AddingNewTariffPageTests -->
      <class name="Guru.Project.TelecomProjectForTestNG.Tests.testCase_TST010_AddTariffPlanToCust">
        <test-method is-config="true" signature="initilize()[pri:0, instance:Guru.Project.TelecomProjectForTestNG.Tests.testCase_TST010_AddTariffPlanToCust@b9b00e0]" started-at="2019-08-20T14:32:34Z" name="initilize" finished-at="2019-08-20T14:32:42Z" duration-ms="7893" status="PASS">
          <reporter-output>
          </reporter-output>
        </test-method> <!-- initilize -->
        <test-method signature="addTariffToCustomer()[pri:9, instance:Guru.Project.TelecomProjectForTestNG.Tests.testCase_TST010_AddTariffPlanToCust@b9b00e0]" started-at="2019-08-20T14:32:42Z" name="addTariffToCustomer" finished-at="2019-08-20T14:33:19Z" duration-ms="36715" status="PASS">
          <reporter-output>
          </reporter-output>
        </test-method> <!-- addTariffToCustomer -->
        <test-method is-config="true" signature="TearDown()[pri:0, instance:Guru.Project.TelecomProjectForTestNG.Tests.testCase_TST010_AddTariffPlanToCust@b9b00e0]" started-at="2019-08-20T14:33:19Z" name="TearDown" finished-at="2019-08-20T14:33:20Z" duration-ms="1040" status="PASS">
          <reporter-output>
          </reporter-output>
        </test-method> <!-- TearDown -->
      </class> <!-- Guru.Project.TelecomProjectForTestNG.Tests.testCase_TST010_AddTariffPlanToCust -->
      <class name="Guru.Project.TelecomProjectForTestNG.Tests.addNewCustomerTestPageTests">
        <test-method is-config="true" signature="initilize()[pri:0, instance:Guru.Project.TelecomProjectForTestNG.Tests.addNewCustomerTestPageTests@48aca48b]" started-at="2019-08-20T14:28:00Z" name="initilize" finished-at="2019-08-20T14:28:22Z" duration-ms="21719" status="PASS">
          <reporter-output>
          </reporter-output>
        </test-method> <!-- initilize -->
        <test-method signature="addingNewCustomerTest()[pri:0, instance:Guru.Project.TelecomProjectForTestNG.Tests.addNewCustomerTestPageTests@48aca48b]" started-at="2019-08-20T14:28:22Z" name="addingNewCustomerTest" finished-at="2019-08-20T14:29:04Z" duration-ms="42159" status="PASS">
          <reporter-output>
          </reporter-output>
        </test-method> <!-- addingNewCustomerTest -->
        <test-method is-config="true" signature="TearDown()[pri:0, instance:Guru.Project.TelecomProjectForTestNG.Tests.addNewCustomerTestPageTests@48aca48b]" started-at="2019-08-20T14:29:04Z" name="TearDown" finished-at="2019-08-20T14:29:05Z" duration-ms="934" status="PASS">
          <reporter-output>
          </reporter-output>
        </test-method> <!-- TearDown -->
        <test-method is-config="true" signature="initilize()[pri:0, instance:Guru.Project.TelecomProjectForTestNG.Tests.addNewCustomerTestPageTests@48aca48b]" started-at="2019-08-20T14:29:05Z" name="initilize" finished-at="2019-08-20T14:29:13Z" duration-ms="8021" status="PASS">
          <reporter-output>
          </reporter-output>
        </test-method> <!-- initilize -->
        <test-method signature="testCaseForMobileField()[pri:1, instance:Guru.Project.TelecomProjectForTestNG.Tests.addNewCustomerTestPageTests@48aca48b]" started-at="2019-08-20T14:29:13Z" name="testCaseForMobileField" finished-at="2019-08-20T14:29:31Z" duration-ms="18422" status="FAIL">
          <exception class="java.lang.AssertionError">
            <message>
              <![CDATA[expected [false] but found [true]]]>
            </message>
            <full-stacktrace>
              <![CDATA[java.lang.AssertionError: expected [false] but found [true]
at org.testng.Assert.fail(Assert.java:96)
at org.testng.Assert.failNotEquals(Assert.java:776)
at org.testng.Assert.assertEqualsImpl(Assert.java:137)
at org.testng.Assert.assertEquals(Assert.java:118)
at org.testng.Assert.assertEquals(Assert.java:568)
at org.testng.Assert.assertEquals(Assert.java:578)
at Guru.Project.TelecomProjectForTestNG.Tests.addNewCustomerTestPageTests.testCaseForMobileField(addNewCustomerTestPageTests.java:108)
at java.base/jdk.internal.reflect.NativeMethodAccessorImpl.invoke0(Native Method)
at java.base/jdk.internal.reflect.NativeMethodAccessorImpl.invoke(Unknown Source)
at java.base/jdk.internal.reflect.DelegatingMethodAccessorImpl.invoke(Unknown Source)
at java.base/java.lang.reflect.Method.invoke(Unknown Source)
at org.testng.internal.MethodInvocationHelper.invokeMethod(MethodInvocationHelper.java:124)
at org.testng.internal.Invoker.invokeMethod(Invoker.java:583)
at org.testng.internal.Invoker.invokeTestMethod(Invoker.java:719)
at org.testng.internal.Invoker.invokeTestMethods(Invoker.java:989)
at org.testng.internal.TestMethodWorker.invokeTestMethods(TestMethodWorker.java:125)
at org.testng.internal.TestMethodWorker.run(TestMethodWorker.java:109)
at org.testng.TestRunner.privateRun(TestRunner.java:648)
at org.testng.TestRunner.run(TestRunner.java:505)
at org.testng.SuiteRunner.runTest(SuiteRunner.java:455)
at org.testng.SuiteRunner.runSequentially(SuiteRunner.java:450)
at org.testng.SuiteRunner.privateRun(SuiteRunner.java:415)
at org.testng.SuiteRunner.run(SuiteRunner.java:364)
at org.testng.SuiteRunnerWorker.runSuite(SuiteRunnerWorker.java:52)
at org.testng.SuiteRunnerWorker.run(SuiteRunnerWorker.java:84)
at org.testng.TestNG.runSuitesSequentially(TestNG.java:1208)
at org.testng.TestNG.runSuitesLocally(TestNG.java:1137)
at org.testng.TestNG.runSuites(TestNG.java:1049)
at org.testng.TestNG.run(TestNG.java:1017)
at org.testng.remote.AbstractRemoteTestNG.run(AbstractRemoteTestNG.java:115)
at org.testng.remote.RemoteTestNG.initAndRun(RemoteTestNG.java:251)
at org.testng.remote.RemoteTestNG.main(RemoteTestNG.java:77)
]]>
            </full-stacktrace>
          </exception> <!-- java.lang.AssertionError -->
          <reporter-output>
          </reporter-output>
        </test-method> <!-- testCaseForMobileField -->
        <test-method is-config="true" signature="TearDown()[pri:0, instance:Guru.Project.TelecomProjectForTestNG.Tests.addNewCustomerTestPageTests@48aca48b]" started-at="2019-08-20T14:29:31Z" name="TearDown" finished-at="2019-08-20T14:29:32Z" duration-ms="819" status="PASS">
          <reporter-output>
          </reporter-output>
        </test-method> <!-- TearDown -->
        <test-method is-config="true" signature="initilize()[pri:0, instance:Guru.Project.TelecomProjectForTestNG.Tests.addNewCustomerTestPageTests@48aca48b]" started-at="2019-08-20T14:29:32Z" name="initilize" finished-at="2019-08-20T14:29:40Z" duration-ms="8259" status="PASS">
          <reporter-output>
          </reporter-output>
        </test-method> <!-- initilize -->
        <test-method signature="testCaseForAddress()[pri:2, instance:Guru.Project.TelecomProjectForTestNG.Tests.addNewCustomerTestPageTests@48aca48b]" started-at="2019-08-20T14:29:40Z" name="testCaseForAddress" finished-at="2019-08-20T14:29:55Z" duration-ms="14703" status="FAIL">
          <exception class="java.lang.AssertionError">
            <message>
              <![CDATA[expected [false] but found [true]]]>
            </message>
            <full-stacktrace>
              <![CDATA[java.lang.AssertionError: expected [false] but found [true]
at org.testng.Assert.fail(Assert.java:96)
at org.testng.Assert.failNotEquals(Assert.java:776)
at org.testng.Assert.assertEqualsImpl(Assert.java:137)
at org.testng.Assert.assertEquals(Assert.java:118)
at org.testng.Assert.assertEquals(Assert.java:568)
at org.testng.Assert.assertEquals(Assert.java:578)
at Guru.Project.TelecomProjectForTestNG.Tests.addNewCustomerTestPageTests.testCaseForAddress(addNewCustomerTestPageTests.java:86)
at java.base/jdk.internal.reflect.NativeMethodAccessorImpl.invoke0(Native Method)
at java.base/jdk.internal.reflect.NativeMethodAccessorImpl.invoke(Unknown Source)
at java.base/jdk.internal.reflect.DelegatingMethodAccessorImpl.invoke(Unknown Source)
at java.base/java.lang.reflect.Method.invoke(Unknown Source)
at org.testng.internal.MethodInvocationHelper.invokeMethod(MethodInvocationHelper.java:124)
at org.testng.internal.Invoker.invokeMethod(Invoker.java:583)
at org.testng.internal.Invoker.invokeTestMethod(Invoker.java:719)
at org.testng.internal.Invoker.invokeTestMethods(Invoker.java:989)
at org.testng.internal.TestMethodWorker.invokeTestMethods(TestMethodWorker.java:125)
at org.testng.internal.TestMethodWorker.run(TestMethodWorker.java:109)
at org.testng.TestRunner.privateRun(TestRunner.java:648)
at org.testng.TestRunner.run(TestRunner.java:505)
at org.testng.SuiteRunner.runTest(SuiteRunner.java:455)
at org.testng.SuiteRunner.runSequentially(SuiteRunner.java:450)
at org.testng.SuiteRunner.privateRun(SuiteRunner.java:415)
at org.testng.SuiteRunner.run(SuiteRunner.java:364)
at org.testng.SuiteRunnerWorker.runSuite(SuiteRunnerWorker.java:52)
at org.testng.SuiteRunnerWorker.run(SuiteRunnerWorker.java:84)
at org.testng.TestNG.runSuitesSequentially(TestNG.java:1208)
at org.testng.TestNG.runSuitesLocally(TestNG.java:1137)
at org.testng.TestNG.runSuites(TestNG.java:1049)
at org.testng.TestNG.run(TestNG.java:1017)
at org.testng.remote.AbstractRemoteTestNG.run(AbstractRemoteTestNG.java:115)
at org.testng.remote.RemoteTestNG.initAndRun(RemoteTestNG.java:251)
at org.testng.remote.RemoteTestNG.main(RemoteTestNG.java:77)
]]>
            </full-stacktrace>
          </exception> <!-- java.lang.AssertionError -->
          <reporter-output>
          </reporter-output>
        </test-method> <!-- testCaseForAddress -->
        <test-method is-config="true" signature="TearDown()[pri:0, instance:Guru.Project.TelecomProjectForTestNG.Tests.addNewCustomerTestPageTests@48aca48b]" started-at="2019-08-20T14:29:55Z" name="TearDown" finished-at="2019-08-20T14:29:56Z" duration-ms="867" status="PASS">
          <reporter-output>
          </reporter-output>
        </test-method> <!-- TearDown -->
        <test-method is-config="true" signature="initilize()[pri:0, instance:Guru.Project.TelecomProjectForTestNG.Tests.addNewCustomerTestPageTests@48aca48b]" started-at="2019-08-20T14:29:56Z" name="initilize" finished-at="2019-08-20T14:30:03Z" duration-ms="7188" status="PASS">
          <reporter-output>
          </reporter-output>
        </test-method> <!-- initilize -->
        <test-method signature="testCaseForAddCuustTextFields()[pri:3, instance:Guru.Project.TelecomProjectForTestNG.Tests.addNewCustomerTestPageTests@48aca48b]" started-at="2019-08-20T14:30:03Z" name="testCaseForAddCuustTextFields" finished-at="2019-08-20T14:30:17Z" duration-ms="13772" status="PASS">
          <reporter-output>
          </reporter-output>
        </test-method> <!-- testCaseForAddCuustTextFields -->
        <test-method is-config="true" signature="TearDown()[pri:0, instance:Guru.Project.TelecomProjectForTestNG.Tests.addNewCustomerTestPageTests@48aca48b]" started-at="2019-08-20T14:30:17Z" name="TearDown" finished-at="2019-08-20T14:30:18Z" duration-ms="814" status="PASS">
          <reporter-output>
          </reporter-output>
        </test-method> <!-- TearDown -->
      </class> <!-- Guru.Project.TelecomProjectForTestNG.Tests.addNewCustomerTestPageTests -->
    </test> <!-- Test -->
  </suite> <!-- Suite -->
</testng-results>
