<?xml version="1.0" encoding="UTF-8"?>
<!-- Generated by org.testng.reporters.JUnitReportReporter -->
<testsuite hostname="LAPTOP-LSARCF0V" failures="1" tests="5" name="Guru.Project.TelecomProjectForTestNG.Tests.testCase_AddingNewTariffPageTests" time="156.172" errors="0" timestamp="20 Aug 2019 12:58:56 GMT" skipped="0">
  <testcase classname="Guru.Project.TelecomProjectForTestNG.Tests.testCase_AddingNewTariffPageTests" name="addingNewTariff" time="24.578"/>
  <testcase classname="Guru.Project.TelecomProjectForTestNG.Tests.testCase_AddingNewTariffPageTests" name="validating_SpecialChar_TST007" time="22.881"/>
  <testcase classname="Guru.Project.TelecomProjectForTestNG.Tests.testCase_AddingNewTariffPageTests" name="validating_NumbersAndMustNotEmpty_TST009" time="33.587"/>
  <testcase classname="Guru.Project.TelecomProjectForTestNG.Tests.testCase_AddingNewTariffPageTests" name="validating_CharacterNotAllowed_TST008" time="53.659"/>
  <testcase classname="Guru.Project.TelecomProjectForTestNG.Tests.testCase_AddingNewTariffPageTests" name="validating_SMSPerCharges" time="21.467">
    <failure message="expected [true] but found [false]" type="java.lang.AssertionError">
      <![CDATA[java.lang.AssertionError: expected [true] but found [false]
at org.testng.Assert.fail(Assert.java:96)
at org.testng.Assert.failNotEquals(Assert.java:776)
at org.testng.Assert.assertEqualsImpl(Assert.java:137)
at org.testng.Assert.assertEquals(Assert.java:118)
at org.testng.Assert.assertEquals(Assert.java:568)
at org.testng.Assert.assertEquals(Assert.java:578)
at Guru.Project.TelecomProjectForTestNG.Tests.testCase_AddingNewTariffPageTests.validating_SMSPerCharges(testCase_AddingNewTariffPageTests.java:153)
at java.base/jdk.internal.reflect.NativeMethodAccessorImpl.invoke0(Native Method)
at java.base/jdk.internal.reflect.NativeMethodAccessorImpl.invoke(Unknown Source)
at java.base/jdk.internal.reflect.DelegatingMethodAccessorImpl.invoke(Unknown Source)
at java.base/java.lang.reflect.Method.invoke(Unknown Source)
at org.testng.internal.MethodInvocationHelper.invokeMethod(MethodInvocationHelper.java:124)
at org.testng.internal.Invoker.invokeMethod(Invoker.java:583)
at org.testng.internal.Invoker.invokeTestMethod(Invoker.java:719)
at org.testng.internal.Invoker.invokeTestMethods(Invoker.java:989)
at org.testng.internal.TestMethodWorker.invokeTestMethods(TestMethodWorker.java:125)
at org.testng.internal.TestMethodWorker.run(TestMethodWorker.java:109)
at org.testng.TestRunner.privateRun(TestRunner.java:648)
at org.testng.TestRunner.run(TestRunner.java:505)
at org.testng.SuiteRunner.runTest(SuiteRunner.java:455)
at org.testng.SuiteRunner.runSequentially(SuiteRunner.java:450)
at org.testng.SuiteRunner.privateRun(SuiteRunner.java:415)
at org.testng.SuiteRunner.run(SuiteRunner.java:364)
at org.testng.SuiteRunnerWorker.runSuite(SuiteRunnerWorker.java:52)
at org.testng.SuiteRunnerWorker.run(SuiteRunnerWorker.java:84)
at org.testng.TestNG.runSuitesSequentially(TestNG.java:1208)
at org.testng.TestNG.runSuitesLocally(TestNG.java:1137)
at org.testng.TestNG.runSuites(TestNG.java:1049)
at org.testng.TestNG.run(TestNG.java:1017)
at org.testng.remote.AbstractRemoteTestNG.run(AbstractRemoteTestNG.java:115)
at org.testng.remote.RemoteTestNG.initAndRun(RemoteTestNG.java:251)
at org.testng.remote.RemoteTestNG.main(RemoteTestNG.java:77)
]]>
    </failure>
  </testcase> <!-- validating_SMSPerCharges -->
</testsuite> <!-- Guru.Project.TelecomProjectForTestNG.Tests.testCase_AddingNewTariffPageTests -->
